# JRE version: Java(TM) SE Runtime Environment (8.0_05-b13) (build 1.8.0_05-b13)
# Java VM: Java HotSpot(TM) Client VM (25.5-b02 mixed mode windows-x86 )
Heap:
 def new generation   total 118016K, used 117324K [0x03c00000, 0x0bc00000, 0x19150000)
  eden space 104960K, 100% used [0x03c00000, 0x0a280000, 0x0a280000)
  from space 13056K,  94% used [0x0a280000, 0x0ae931c0, 0x0af40000)
  to   space 13056K,  80% used [0x0af40000, 0x0b978758, 0x0bc00000)
 tenured generation   total 262076K, used 116972K [0x19150000, 0x2913f000, 0x43c00000)
   the space 262076K,  44% used [0x19150000, 0x2038b158, 0x2038b200, 0x2913f000)
 Metaspace       used 44472K, capacity 45802K, committed 66048K, reserved 66944K
GC Heap History (10 events):
Event: 4371.104 GC heap after
Heap after GC invocations=193 (full 25):
 def new generation   total 118016K, used 11503K [0x03c00000, 0x0bc00000, 0x19150000)
  eden space 104960K,   0% used [0x03c00000, 0x03c00000, 0x0a280000)
  from space 13056K,  88% used [0x0af40000, 0x0ba7bc80, 0x0bc00000)
  to   space 13056K,   0% used [0x0a280000, 0x0a280000, 0x0af40000)
 tenured generation   total 262076K, used 180790K [0x19150000, 0x2913f000, 0x43c00000)
   the space 262076K,  68% used [0x19150000, 0x241dd838, 0x241dda00, 0x2913f000)
 Metaspace       used 47203K, capacity 48717K, committed 81152K, reserved 81280K
}
Event: 4373.573 GC heap before
{Heap before GC invocations=193 (full 25):
 def new generation   total 118016K, used 116463K [0x03c00000, 0x0bc00000, 0x19150000)
  eden space 104960K, 100% used [0x03c00000, 0x0a280000, 0x0a280000)
  from space 13056K,  88% used [0x0af40000, 0x0ba7bc80, 0x0bc00000)
  to   space 13056K,   0% used [0x0a280000, 0x0a280000, 0x0af40000)
 tenured generation   total 262076K, used 180790K [0x19150000, 0x2913f000, 0x43c00000)
   the space 262076K,  68% used [0x19150000, 0x241dd838, 0x241dda00, 0x2913f000)
 Metaspace       used 49547K, capacity 51122K, committed 81280K, reserved 81280K
Event: 4373.652 GC heap after
Heap after GC invocations=194 (full 25):
 def new generation   total 118016K, used 13056K [0x03c00000, 0x0bc00000, 0x19150000)
  eden space 104960K,   0% used [0x03c00000, 0x03c00000, 0x0a280000)
  from space 13056K, 100% used [0x0a280000, 0x0af40000, 0x0af40000)
  to   space 13056K,   0% used [0x0af40000, 0x0af40000, 0x0bc00000)
 tenured generation   total 262076K, used 192507K [0x19150000, 0x2913f000, 0x43c00000)
   the space 262076K,  73% used [0x19150000, 0x24d4ef80, 0x24d4f000, 0x2913f000)
 Metaspace       used 49547K, capacity 51122K, committed 81280K, reserved 81280K
}
Event: 4379.059 GC heap before
{Heap before GC invocations=194 (full 25):
 def new generation   total 118016K, used 59881K [0x03c00000, 0x0bc00000, 0x19150000)
  eden space 104960K,  44% used [0x03c00000, 0x069ba500, 0x0a280000)
  from space 13056K, 100% used [0x0a280000, 0x0af40000, 0x0af40000)
  to   space 13056K,   0% used [0x0af40000, 0x0af40000, 0x0bc00000)
 tenured generation   total 262076K, used 192507K [0x19150000, 0x2913f000, 0x43c00000)
   the space 262076K,  73% used [0x19150000, 0x24d4ef80, 0x24d4f000, 0x2913f000)
 Metaspace       used 50291K, capacity 51905K, committed 81408K, reserved 82304K
Event: 4379.712 GC heap after
Heap after GC invocations=195 (full 26):
 def new generation   total 118016K, used 0K [0x03c00000, 0x0bc00000, 0x19150000)
  eden space 104960K,   0% used [0x03c00000, 0x03c00000, 0x0a280000)
  from space 13056K,   0% used [0x0a280000, 0x0a280000, 0x0af40000)
  to   space 13056K,   0% used [0x0af40000, 0x0af40000, 0x0bc00000)
 tenured generation   total 262076K, used 94732K [0x19150000, 0x2913f000, 0x43c00000)
   the space 262076K,  36% used [0x19150000, 0x1edd3008, 0x1edd3200, 0x2913f000)
 Metaspace       used 37750K, capacity 38723K, committed 66048K, reserved 66944K
}
Event: 4436.304 GC heap before
{Heap before GC invocations=195 (full 26):
 def new generation   total 118016K, used 104960K [0x03c00000, 0x0bc00000, 0x19150000)
  eden space 104960K, 100% used [0x03c00000, 0x0a280000, 0x0a280000)
  from space 13056K,   0% used [0x0a280000, 0x0a280000, 0x0af40000)
  to   space 13056K,   0% used [0x0af40000, 0x0af40000, 0x0bc00000)
 tenured generation   total 262076K, used 94732K [0x19150000, 0x2913f000, 0x43c00000)
   the space 262076K,  36% used [0x19150000, 0x1edd3008, 0x1edd3200, 0x2913f000)
 Metaspace       used 40081K, capacity 41180K, committed 66048K, reserved 66944K
Event: 4436.350 GC heap after
Heap after GC invocations=196 (full 26):
 def new generation   total 118016K, used 13056K [0x03c00000, 0x0bc00000, 0x19150000)
  eden space 104960K,   0% used [0x03c00000, 0x03c00000, 0x0a280000)
  from space 13056K, 100% used [0x0af40000, 0x0bc00000, 0x0bc00000)
  to   space 13056K,   0% used [0x0a280000, 0x0a280000, 0x0af40000)
 tenured generation   total 262076K, used 96674K [0x19150000, 0x2913f000, 0x43c00000)
   the space 262076K,  36% used [0x19150000, 0x1efb8bb8, 0x1efb8c00, 0x2913f000)
 Metaspace       used 40081K, capacity 41180K, committed 66048K, reserved 66944K
}
Event: 4439.237 GC heap before
{Heap before GC invocations=196 (full 26):
 def new generation   total 118016K, used 118016K [0x03c00000, 0x0bc00000, 0x19150000)
  eden space 104960K, 100% used [0x03c00000, 0x0a280000, 0x0a280000)
  from space 13056K, 100% used [0x0af40000, 0x0bc00000, 0x0bc00000)
  to   space 13056K,   0% used [0x0a280000, 0x0a280000, 0x0af40000)
 tenured generation   total 262076K, used 96674K [0x19150000, 0x2913f000, 0x43c00000)
   the space 262076K,  36% used [0x19150000, 0x1efb8bb8, 0x1efb8c00, 0x2913f000)
 Metaspace       used 42068K, capacity 43243K, committed 66048K, reserved 66944K
Event: 4439.290 GC heap after
Heap after GC invocations=197 (full 26):
 def new generation   total 118016K, used 12364K [0x03c00000, 0x0bc00000, 0x19150000)
  eden space 104960K,   0% used [0x03c00000, 0x03c00000, 0x0a280000)
  from space 13056K,  94% used [0x0a280000, 0x0ae931c0, 0x0af40000)
  to   space 13056K,   0% used [0x0af40000, 0x0af40000, 0x0bc00000)
 tenured generation   total 262076K, used 107770K [0x19150000, 0x2913f000, 0x43c00000)
   the space 262076K,  41% used [0x19150000, 0x1fa8e9c8, 0x1fa8ea00, 0x2913f000)
 Metaspace       used 42068K, capacity 43243K, committed 66048K, reserved 66944K
}
Event: 4557.509 GC heap before
{Heap before GC invocations=197 (full 26):
 def new generation   total 118016K, used 117324K [0x03c00000, 0x0bc00000, 0x19150000)
  eden space 104960K, 100% used [0x03c00000, 0x0a280000, 0x0a280000)
  from space 13056K,  94% used [0x0a280000, 0x0ae931c0, 0x0af40000)
  to   space 13056K,   0% used [0x0af40000, 0x0af40000, 0x0bc00000)
 tenured generation   total 262076K, used 107770K [0x19150000, 0x2913f000, 0x43c00000)
   the space 262076K,  41% used [0x19150000, 0x1fa8e9c8, 0x1fa8ea00, 0x2913f000)
 Metaspace       used 44472K, capacity 45802K, committed 66048K, reserved 66944K

